<?xml version="1.0" encoding="UTF-8"?>
<!-- Generated by org.testng.reporters.JUnitReportReporter -->
<testsuite skipped="0" hostname="LAPTOP-SBCPCINQ" name="planit_poc.tests.WebShopPlaceBooksOrder" tests="1" failures="0" timestamp="08 Jun 2019 20:01:47 GMT" time="27.317" errors="0">
  <testcase name="ValidatePlacingBooksOrderFunctionality" time="27.317" classname="planit_poc.tests.WebShopPlaceBooksOrder"/>
</testsuite> <!-- planit_poc.tests.WebShopPlaceBooksOrder -->
